[    0.000000] Linux version 4.15.0-161-generic (buildd@lcy01-amd64-012) (gcc version 7.5.0 (Ubuntu 7.5.0-3ubuntu1~18.04)) #169-Ubuntu SMP Fri Oct 15 13:41:54 UTC 2021 (Ubuntu 4.15.0-161.169-generic 4.15.18)
[    0.000000] Command line: BOOT_IMAGE=/boot/vmlinuz-4.15.0-161-generic root=LABEL=cloudimg-rootfs ro console=tty1 console=ttyS0
[    0.000000] KERNEL supported cpus:
[    0.000000]   Intel GenuineIntel
[    0.000000]   AMD AuthenticAMD
[    0.000000]   Centaur CentaurHauls
[    0.000000] x86/fpu: Supporting XSAVE feature 0x001: 'x87 floating point registers'
[    0.000000] x86/fpu: Supporting XSAVE feature 0x002: 'SSE registers'
[    0.000000] x86/fpu: Supporting XSAVE feature 0x004: 'AVX registers'
[    0.000000] x86/fpu: xstate_offset[2]:  576, xstate_sizes[2]:  256
[    0.000000] x86/fpu: Enabled xstate features 0x7, context size is 832 bytes, using 'standard' format.
[    0.000000] e820: BIOS-provided physical RAM map:
[    0.000000] BIOS-e820: [mem 0x0000000000000000-0x000000000009fbff] usable
[    0.000000] BIOS-e820: [mem 0x000000000009fc00-0x000000000009ffff] reserved
[    0.000000] BIOS-e820: [mem 0x00000000000f0000-0x00000000000fffff] reserved
[    0.000000] BIOS-e820: [mem 0x0000000000100000-0x000000003ffeffff] usable
[    0.000000] BIOS-e820: [mem 0x000000003fff0000-0x000000003fffffff] ACPI data
[    0.000000] BIOS-e820: [mem 0x00000000fec00000-0x00000000fec00fff] reserved
[    0.000000] BIOS-e820: [mem 0x00000000fee00000-0x00000000fee00fff] reserved
[    0.000000] BIOS-e820: [mem 0x00000000fffc0000-0x00000000ffffffff] reserved
[    0.000000] NX (Execute Disable) protection: active
[    0.000000] SMBIOS 2.5 present.
[    0.000000] DMI: innotek GmbH VirtualBox/VirtualBox, BIOS VirtualBox 12/01/2006
[    0.000000] Hypervisor detected: KVM
[    0.000000] e820: last_pfn = 0x3fff0 max_arch_pfn = 0x400000000
[    0.000000] MTRR: Disabled
[    0.000000] x86/PAT: MTRRs disabled, skipping PAT initialization too.
[    0.000000] CPU MTRRs all blank - virtualized system.
[    0.000000] x86/PAT: Configuration [0-7]: WB  WT  UC- UC  WB  WT  UC- UC  
[    0.000000] found SMP MP-table at [mem 0x0009fff0-0x0009ffff]
[    0.000000] Scanning 1 areas for low memory corruption
[    0.000000] RAMDISK: [mem 0x359c9000-0x36cdbfff]
[    0.000000] ACPI: Early table checksum verification disabled
[    0.000000] ACPI: RSDP 0x00000000000E0000 000024 (v02 VBOX  )
[    0.000000] ACPI: XSDT 0x000000003FFF0030 00003C (v01 VBOX   VBOXXSDT 00000001 ASL  00000061)
[    0.000000] ACPI: FACP 0x000000003FFF00F0 0000F4 (v04 VBOX   VBOXFACP 00000001 ASL  00000061)
[    0.000000] ACPI: DSDT 0x000000003FFF0470 002325 (v02 VBOX   VBOXBIOS 00000002 INTL 20100528)
[    0.000000] ACPI: FACS 0x000000003FFF0200 000040
[    0.000000] ACPI: FACS 0x000000003FFF0200 000040
[    0.000000] ACPI: APIC 0x000000003FFF0240 00005C (v02 VBOX   VBOXAPIC 00000001 ASL  00000061)
[    0.000000] ACPI: SSDT 0x000000003FFF02A0 0001CC (v01 VBOX   VBOXCPUT 00000002 INTL 20100528)
[    0.000000] ACPI: Reserving FACP table memory at [mem 0x3fff00f0-0x3fff01e3]
[    0.000000] ACPI: Reserving DSDT table memory at [mem 0x3fff0470-0x3fff2794]
[    0.000000] ACPI: Reserving FACS table memory at [mem 0x3fff0200-0x3fff023f]
[    0.000000] ACPI: Reserving FACS table memory at [mem 0x3fff0200-0x3fff023f]
[    0.000000] ACPI: Reserving APIC table memory at [mem 0x3fff0240-0x3fff029b]
[    0.000000] ACPI: Reserving SSDT table memory at [mem 0x3fff02a0-0x3fff046b]
[    0.000000] No NUMA configuration found
[    0.000000] Faking a node at [mem 0x0000000000000000-0x000000003ffeffff]
[    0.000000] NODE_DATA(0) allocated [mem 0x3ffc5000-0x3ffeffff]
[    0.000000] kvm-clock: cpu 0, msr 0:3ff44001, primary cpu clock
[    0.000000] kvm-clock: Using msrs 4b564d01 and 4b564d00
[    0.000000] kvm-clock: using sched offset of 5486316938 cycles
[    0.000000] clocksource: kvm-clock: mask: 0xffffffffffffffff max_cycles: 0x1cd42e4dffb, max_idle_ns: 881590591483 ns
[    0.000000] Zone ranges:
[    0.000000]   DMA      [mem 0x0000000000001000-0x0000000000ffffff]
[    0.000000]   DMA32    [mem 0x0000000001000000-0x000000003ffeffff]
[    0.000000]   Normal   empty
[    0.000000]   Device   empty
[    0.000000] Movable zone start for each node
[    0.000000] Early memory node ranges
[    0.000000]   node   0: [mem 0x0000000000001000-0x000000000009efff]
[    0.000000]   node   0: [mem 0x0000000000100000-0x000000003ffeffff]
[    0.000000] Reserved but unavailable: 104 pages
[    0.000000] Initmem setup node 0 [mem 0x0000000000001000-0x000000003ffeffff]
[    0.000000] ACPI: PM-Timer IO Port: 0x4008
[    0.000000] IOAPIC[0]: apic_id 2, version 32, address 0xfec00000, GSI 0-23
[    0.000000] ACPI: INT_SRC_OVR (bus 0 bus_irq 0 global_irq 2 dfl dfl)
[    0.000000] ACPI: INT_SRC_OVR (bus 0 bus_irq 9 global_irq 9 low level)
[    0.000000] Using ACPI (MADT) for SMP configuration information
[    0.000000] smpboot: Allowing 2 CPUs, 0 hotplug CPUs
[    0.000000] PM: Registered nosave memory: [mem 0x00000000-0x00000fff]
[    0.000000] PM: Registered nosave memory: [mem 0x0009f000-0x0009ffff]
[    0.000000] PM: Registered nosave memory: [mem 0x000a0000-0x000effff]
[    0.000000] PM: Registered nosave memory: [mem 0x000f0000-0x000fffff]
[    0.000000] e820: [mem 0x40000000-0xfebfffff] available for PCI devices
[    0.000000] Booting paravirtualized kernel on KVM
[    0.000000] clocksource: refined-jiffies: mask: 0xffffffff max_cycles: 0xffffffff, max_idle_ns: 7645519600211568 ns
[    0.000000] random: get_random_bytes called from start_kernel+0x99/0x500 with crng_init=0
[    0.000000] setup_percpu: NR_CPUS:8192 nr_cpumask_bits:2 nr_cpu_ids:2 nr_node_ids:1
[    0.000000] percpu: Embedded 45 pages/cpu s147456 r8192 d28672 u1048576
[    0.000000] PV qspinlock hash table entries: 256 (order: 0, 4096 bytes)
[    0.000000] Built 1 zonelists, mobility grouping on.  Total pages: 257913
[    0.000000] Policy zone: DMA32
[    0.000000] Kernel command line: BOOT_IMAGE=/boot/vmlinuz-4.15.0-161-generic root=LABEL=cloudimg-rootfs ro console=tty1 console=ttyS0
[    0.000000] Memory: 982704K/1048120K available (12300K kernel code, 2483K rwdata, 4320K rodata, 2448K init, 2724K bss, 65416K reserved, 0K cma-reserved)
[    0.000000] SLUB: HWalign=64, Order=0-3, MinObjects=0, CPUs=2, Nodes=1
[    0.000000] Kernel/User page tables isolation: enabled
[    0.000000] ftrace: allocating 39475 entries in 155 pages
[    0.004000] Hierarchical RCU implementation.
[    0.004000] 	RCU restricting CPUs from NR_CPUS=8192 to nr_cpu_ids=2.
[    0.004000] 	Tasks RCU enabled.
[    0.004000] RCU: Adjusting geometry for rcu_fanout_leaf=16, nr_cpu_ids=2
[    0.004000] NR_IRQS: 524544, nr_irqs: 440, preallocated irqs: 16
[    0.004000] Console: colour VGA+ 80x25
[    0.004000] console [tty1] enabled
[    0.004000] console [ttyS0] enabled
[    0.004000] ACPI: Core revision 20170831
[    0.004000] ACPI: 2 ACPI AML tables successfully acquired and loaded
[    0.004000] APIC: Switch to symmetric I/O mode setup
[    0.004000] x2apic enabled
[    0.004012] Switched APIC routing to physical x2apic.
[    0.008000] ..TIMER: vector=0x30 apic1=0 pin1=2 apic2=-1 pin2=-1
[    0.008007] tsc: Detected 2494.232 MHz processor
[    0.010432] Calibrating delay loop (skipped) preset value.. 4988.46 BogoMIPS (lpj=9976928)
[    0.012008] pid_max: default: 32768 minimum: 301
[    0.016091] Security Framework initialized
[    0.018245] Yama: becoming mindful.
[    0.020071] AppArmor: AppArmor initialized
[    0.025007] Dentry cache hash table entries: 131072 (order: 8, 1048576 bytes)
[    0.028156] Inode-cache hash table entries: 65536 (order: 7, 524288 bytes)
[    0.032034] Mount-cache hash table entries: 2048 (order: 2, 16384 bytes)
[    0.036012] Mountpoint-cache hash table entries: 2048 (order: 2, 16384 bytes)
[    0.040627] Last level iTLB entries: 4KB 1024, 2MB 1024, 4MB 1024
[    0.044009] Last level dTLB entries: 4KB 1024, 2MB 1024, 4MB 1024, 1GB 4
[    0.048009] Spectre V1 : Mitigation: usercopy/swapgs barriers and __user pointer sanitization
[    0.052011] Spectre V2 : Mitigation: Full generic retpoline
[    0.055591] Spectre V2 : Spectre v2 / SpectreRSB mitigation: Filling RSB on context switch
[    0.056008] Speculative Store Bypass: Vulnerable
[    0.060061] SRBDS: Unknown: Dependent on hypervisor status
[    0.064006] MDS: Mitigation: Clear CPU buffers
[    0.068564] Freeing SMP alternatives memory: 36K
[    0.185509] smpboot: CPU0: Intel(R) Core(TM) i5-4200M CPU @ 2.50GHz (family: 0x6, model: 0x3c, stepping: 0x3)
[    0.188000] Performance Events: unsupported p6 CPU model 60 no PMU driver, software events only.
[    0.188062] Hierarchical SRCU implementation.
[    0.192874] NMI watchdog: Perf event create on CPU 0 failed with -2
[    0.195089] NMI watchdog: Perf NMI watchdog permanently disabled
[    0.196076] smp: Bringing up secondary CPUs ...
[    0.200189] x86: Booting SMP configuration:
[    0.201793] .... node  #0, CPUs:      #1
[    0.004000] kvm-clock: cpu 1, msr 0:3ff44041, secondary cpu clock
[    0.208021] smp: Brought up 1 node, 2 CPUs
[    0.209647] smpboot: Max logical packages: 1
[    0.211244] smpboot: Total of 2 processors activated (9976.92 BogoMIPS)
[    0.212187] devtmpfs: initialized
[    0.213420] x86/mm: Memory block size: 128MB
[    0.216432] evm: security.selinux
[    0.217760] evm: security.SMACK64
[    0.220004] evm: security.SMACK64EXEC
[    0.221469] evm: security.SMACK64TRANSMUTE
[    0.223011] evm: security.SMACK64MMAP
[    0.224004] evm: security.apparmor
[    0.225353] evm: security.ima
[    0.226572] evm: security.capability
[    0.228085] clocksource: jiffies: mask: 0xffffffff max_cycles: 0xffffffff, max_idle_ns: 7645041785100000 ns
[    0.232011] futex hash table entries: 512 (order: 3, 32768 bytes)
[    0.234348] pinctrl core: initialized pinctrl subsystem
[    0.236781] RTC time:  9:44:50, date: 10/22/21
[    0.240467] NET: Registered protocol family 16
[    0.244321] audit: initializing netlink subsys (disabled)
[    0.248041] audit: type=2000 audit(1634895897.176:1): state=initialized audit_enabled=0 res=1
[    0.252038] cpuidle: using governor ladder
[    0.253684] cpuidle: using governor menu
[    0.255360] ACPI: bus type PCI registered
[    0.256004] acpiphp: ACPI Hot Plug PCI Controller Driver version: 0.5
[    0.260032] PCI: Using configuration type 1 for base access
[    0.262220] HugeTLB registered 2.00 MiB page size, pre-allocated 0 pages
[    0.264074] ACPI: Added _OSI(Module Device)
[    0.268004] ACPI: Added _OSI(Processor Device)
[    0.272003] ACPI: Added _OSI(3.0 _SCP Extensions)
[    0.274399] ACPI: Added _OSI(Processor Aggregator Device)
[    0.276006] ACPI: Added _OSI(Linux-Dell-Video)
[    0.278314] ACPI: Added _OSI(Linux-Lenovo-NV-HDMI-Audio)
[    0.280004] ACPI: Added _OSI(Linux-HPI-Hybrid-Graphics)
[    0.284587] ACPI: Executed 1 blocks of module-level executable AML code
[    0.302525] ACPI: Interpreter enabled
[    0.304031] ACPI: (supports S0 S5)
[    0.305860] ACPI: Using IOAPIC for interrupt routing
[    0.308902] PCI: Using host bridge windows from ACPI; if necessary, use "pci=nocrs" and report a bug
[    0.312639] ACPI: Enabled 2 GPEs in block 00 to 07
[    0.338883] ACPI: PCI Root Bridge [PCI0] (domain 0000 [bus 00-ff])
[    0.340012] acpi PNP0A03:00: _OSC: OS supports [ASPM ClockPM Segments MSI]
[    0.348023] acpi PNP0A03:00: _OSC: not requesting OS control; OS requires [ExtendedConfig ASPM ClockPM MSI]
[    0.352033] acpi PNP0A03:00: fail to add MMCONFIG information, can't access extended PCI configuration space under this bridge.
[    0.357034] PCI host bridge to bus 0000:00
[    0.360007] pci_bus 0000:00: root bus resource [io  0x0000-0x0cf7 window]
[    0.364006] pci_bus 0000:00: root bus resource [io  0x0d00-0xffff window]
[    0.367049] pci_bus 0000:00: root bus resource [mem 0x000a0000-0x000bffff window]
[    0.368006] pci_bus 0000:00: root bus resource [mem 0x40000000-0xfdffffff window]
[    0.372006] pci_bus 0000:00: root bus resource [bus 00-ff]
[    0.380617] pci 0000:00:01.1: legacy IDE quirk: reg 0x10: [io  0x01f0-0x01f7]
[    0.384000] pci 0000:00:01.1: legacy IDE quirk: reg 0x14: [io  0x03f6]
[    0.384019] pci 0000:00:01.1: legacy IDE quirk: reg 0x18: [io  0x0170-0x0177]
[    0.388016] pci 0000:00:01.1: legacy IDE quirk: reg 0x1c: [io  0x0376]
[    0.425420] pci 0000:00:07.0: quirk: [io  0x4000-0x403f] claimed by PIIX4 ACPI
[    0.428025] pci 0000:00:07.0: quirk: [io  0x4100-0x410f] claimed by PIIX4 SMB
[    0.447385] ACPI: PCI Interrupt Link [LNKA] (IRQs 5 9 10 *11)
[    0.449130] ACPI: PCI Interrupt Link [LNKB] (IRQs 5 9 *10 11)
[    0.452325] ACPI: PCI Interrupt Link [LNKC] (IRQs 5 *9 10 11)
[    0.456346] ACPI: PCI Interrupt Link [LNKD] (IRQs 5 9 10 *11)
[    0.460654] SCSI subsystem initialized
[    0.462676] pci 0000:00:02.0: vgaarb: setting as boot VGA device
[    0.462700] pci 0000:00:02.0: vgaarb: VGA device added: decodes=io+mem,owns=io+mem,locks=none
[    0.464019] pci 0000:00:02.0: vgaarb: bridge control possible
[    0.468005] vgaarb: loaded
[    0.469569] ACPI: bus type USB registered
[    0.472031] usbcore: registered new interface driver usbfs
[    0.474665] usbcore: registered new interface driver hub
[    0.476020] usbcore: registered new device driver usb
[    0.480066] EDAC MC: Ver: 3.0.0
[    0.481778] PCI: Using ACPI for IRQ routing
[    0.484473] NetLabel: Initializing
[    0.486007] NetLabel:  domain hash size = 128
[    0.488003] NetLabel:  protocols = UNLABELED CIPSOv4 CALIPSO
[    0.490610] NetLabel:  unlabeled traffic allowed by default
[    0.492078] clocksource: Switched to clocksource kvm-clock
[    0.529103] VFS: Disk quotas dquot_6.6.0
[    0.531147] VFS: Dquot-cache hash table entries: 512 (order 0, 4096 bytes)
[    0.534730] AppArmor: AppArmor Filesystem Enabled
[    0.537248] pnp: PnP ACPI init
[    0.542621] pnp: PnP ACPI: found 3 devices
[    0.554213] clocksource: acpi_pm: mask: 0xffffff max_cycles: 0xffffff, max_idle_ns: 2085701024 ns
[    0.558869] NET: Registered protocol family 2
[    0.561180] IP idents hash table entries: 16384 (order: 5, 131072 bytes)
[    0.565311] TCP established hash table entries: 8192 (order: 4, 65536 bytes)
[    0.568845] TCP bind hash table entries: 8192 (order: 5, 131072 bytes)
[    0.571767] TCP: Hash tables configured (established 8192 bind 8192)
[    0.575042] UDP hash table entries: 512 (order: 2, 16384 bytes)
[    0.578148] UDP-Lite hash table entries: 512 (order: 2, 16384 bytes)
[    0.581805] NET: Registered protocol family 1
[    0.584102] pci 0000:00:00.0: Limiting direct PCI/PCI transfers
[    0.587106] pci 0000:00:01.0: Activating ISA DMA hang workarounds
[    0.589821] pci 0000:00:02.0: Video device with shadowed ROM at [mem 0x000c0000-0x000dffff]
[    0.594188] Unpacking initramfs...
[    1.286129] Freeing initrd memory: 19532K
[    1.288536] clocksource: tsc: mask: 0xffffffffffffffff max_cycles: 0x23f3f0e572e, max_idle_ns: 440795289688 ns
[    1.293511] platform rtc_cmos: registered platform RTC device (no PNP device found)
[    1.297753] Scanning for low memory corruption every 60 seconds
[    1.302244] Initialise system trusted keyrings
[    1.304495] Key type blacklist registered
[    1.306576] workingset: timestamp_bits=36 max_order=18 bucket_order=0
[    1.313593] zbud: loaded
[    1.316018] squashfs: version 4.0 (2009/01/31) Phillip Lougher
[    1.319553] fuse init (API version 7.26)
[    1.326136] Key type asymmetric registered
[    1.328313] Asymmetric key parser 'x509' registered
[    1.331268] Block layer SCSI generic (bsg) driver version 0.4 loaded (major 246)
[    1.335533] io scheduler noop registered
[    1.337623] io scheduler deadline registered
[    1.339865] io scheduler cfq registered (default)
[    1.342675] ACPI: AC Adapter [AC] (on-line)
[    1.344981] input: Power Button as /devices/LNXSYSTM:00/LNXPWRBN:00/input/input0
[    1.348331] ACPI: Power Button [PWRF]
[    1.350370] input: Sleep Button as /devices/LNXSYSTM:00/LNXSLPBN:00/input/input1
[    1.354175] ACPI: Sleep Button [SLPF]
[    1.359022] ACPI: Battery Slot [BAT0] (battery present)
[    1.361780] Serial: 8250/16550 driver, 32 ports, IRQ sharing enabled
[    1.386564] 00:02: ttyS0 at I/O 0x3f8 (irq = 4, base_baud = 115200) is a 16550A
[    1.393963] Linux agpgart interface v0.103
[    1.398324] loop: module loaded
[    1.401246] scsi host0: ata_piix
[    1.403145] scsi host1: ata_piix
[    1.404926] ata1: PATA max UDMA/33 cmd 0x1f0 ctl 0x3f6 bmdma 0xd000 irq 14
[    1.408218] ata2: PATA max UDMA/33 cmd 0x170 ctl 0x376 bmdma 0xd008 irq 15
[    1.411911] libphy: Fixed MDIO Bus: probed
[    1.414201] tun: Universal TUN/TAP device driver, 1.6
[    1.416720] PPP generic driver version 2.4.2
[    1.418593] ehci_hcd: USB 2.0 'Enhanced' Host Controller (EHCI) Driver
[    1.421439] ehci-pci: EHCI PCI platform driver
[    1.423698] ehci-platform: EHCI generic platform driver
[    1.426349] ohci_hcd: USB 1.1 'Open' Host Controller (OHCI) Driver
[    1.429408] ohci-pci: OHCI PCI platform driver
[    1.431671] ohci-platform: OHCI generic platform driver
[    1.434328] uhci_hcd: USB Universal Host Controller Interface driver
[    1.437543] i8042: PNP: PS/2 Controller [PNP0303:PS2K,PNP0f03:PS2M] at 0x60,0x64 irq 1,12
[    1.442525] serio: i8042 KBD port at 0x60,0x64 irq 1
[    1.444897] serio: i8042 AUX port at 0x60,0x64 irq 12
[    1.447662] mousedev: PS/2 mouse device common for all mice
[    1.450869] input: AT Translated Set 2 keyboard as /devices/platform/i8042/serio0/input/input2
[    1.455295] rtc_cmos rtc_cmos: rtc core: registered rtc_cmos as rtc0
[    1.458563] rtc_cmos rtc_cmos: alarms up to one day, 114 bytes nvram
[    1.461972] i2c /dev entries driver
[    1.463879] device-mapper: uevent: version 1.0.3
[    1.466416] device-mapper: ioctl: 4.37.0-ioctl (2017-09-20) initialised: dm-devel@redhat.com
[    1.470598] ledtrig-cpu: registered to indicate activity on CPUs
[    1.474481] NET: Registered protocol family 10
[    1.482936] Segment Routing with IPv6
[    1.484975] NET: Registered protocol family 17
[    1.487260] Key type dns_resolver registered
[    1.489808] mce: Using 0 MCE banks
[    1.491646] RAS: Correctable Errors collector initialized.
[    1.494459] sched_clock: Marking stable (1494432837, 0)->(1957097645, -462664808)
[    1.498893] registered taskstats version 1
[    1.501089] Loading compiled-in X.509 certificates
[    1.507497] Loaded X.509 cert 'Build time autogenerated kernel key: 1542c441293f32312405dc023a70312e7f0d3f0a'
[    1.513573] Loaded X.509 cert 'Canonical Ltd. Live Patch Signing: 14df34d1a87cf37625abec039ef2bf521249b969'
[    1.519490] Loaded X.509 cert 'Canonical Ltd. Kernel Module Signing: 88f752e560a1e0737e31163a466ad7b70a850c19'
[    1.524533] zswap: loaded using pool lzo/zbud
[    1.532301] Key type big_key registered
[    1.534324] Key type trusted registered
[    1.539287] Key type encrypted registered
[    1.541414] AppArmor: AppArmor sha1 policy hashing enabled
[    1.544151] ima: No TPM chip found, activating TPM-bypass! (rc=-19)
[    1.547301] ima: Allocated hash algorithm: sha1
[    1.549658] evm: HMAC attrs: 0x1
[    1.551730]   Magic number: 9:316:728
[    1.553918] rtc_cmos rtc_cmos: setting system clock to 2021-10-22 09:44:51 UTC (1634895891)
[    1.558218] BIOS EDD facility v0.16 2004-Jun-25, 0 devices found
[    1.561249] EDD information not available.
[    1.608148] Freeing unused kernel image memory: 2448K
[    1.617556] Write protecting the kernel read-only data: 20480k
[    1.621873] Freeing unused kernel image memory: 2008K
[    1.624871] Freeing unused kernel image memory: 1824K
[    1.665964] x86/mm: Checked W+X mappings: passed, no W+X pages found.
[    1.669202] x86/mm: Checking user space page tables
[    1.709761] x86/mm: Checked W+X mappings: passed, no W+X pages found.
Loading, please wait...
starting version 237
[    1.866240] Fusion MPT base driver 3.04.20
[    1.868472] Copyright (c) 1999-2008 LSI Corporation
[    1.889760] Fusion MPT SPI Host driver 3.04.20
[    1.901086] e1000: Intel(R) PRO/1000 Network Driver - version 7.3.21-k8-NAPI
[    1.904642] e1000: Copyright (c) 1999-2006 Intel Corporation.
[    1.909874] mptbase: ioc0: Initiating bringup
[    1.971632] AVX2 version of gcm_enc/dec engaged.
[    1.974179] AES CTR mode by8 optimization enabled
[    2.017499] ioc0: LSI53C1030 A0: Capabilities={Initiator}
[    2.080898] input: ImExPS/2 Generic Explorer Mouse as /devices/platform/i8042/serio1/input/input4
[    2.271411] scsi host2: ioc0: LSI53C1030 A0, FwRev=00000000h, Ports=1, MaxQ=256, IRQ=20
[    2.445521] scsi 2:0:0:0: Direct-Access     VBOX     HARDDISK         1.0  PQ: 0 ANSI: 5
[    2.492390] scsi target2:0:0: Beginning Domain Validation
[    2.497236] scsi target2:0:0: Domain Validation skipping write tests
[    2.500194] scsi target2:0:0: Ending Domain Validation
[    2.502999] scsi target2:0:0: asynchronous
[    2.506109] scsi 2:0:1:0: Direct-Access     VBOX     HARDDISK         1.0  PQ: 0 ANSI: 5
[    2.824079] scsi target2:0:1: Beginning Domain Validation
[    2.827417] random: fast init done
[    2.830504] scsi target2:0:1: Domain Validation skipping write tests
[    2.833638] scsi target2:0:1: Ending Domain Validation
[    2.836571] scsi target2:0:1: asynchronous
[    2.847324] random: systemd-udevd: uninitialized urandom read (16 bytes read)
[    2.851097] sd 2:0:0:0: Attached scsi generic sg0 type 0
[    2.854208] random: systemd-udevd: uninitialized urandom read (16 bytes read)
[    2.858194] sd 2:0:1:0: Attached scsi generic sg1 type 0
[    2.861197] random: systemd-udevd: uninitialized urandom read (16 bytes read)
[    2.872125] sd 2:0:0:0: [sda] 83886080 512-byte logical blocks: (42.9 GB/40.0 GiB)
[    2.879481] sd 2:0:1:0: [sdb] 20480 512-byte logical blocks: (10.5 MB/10.0 MiB)
[    2.883500] sd 2:0:0:0: [sda] Write Protect is off
[    2.886138] sd 2:0:1:0: [sdb] Write Protect is off
[    2.888877] sd 2:0:1:0: [sdb] Incomplete mode parameter data
[    2.891777] sd 2:0:1:0: [sdb] Assuming drive cache: write through
[    2.894916] sd 2:0:0:0: [sda] Incomplete mode parameter data
[    2.898226] sd 2:0:0:0: [sda] Assuming drive cache: write through
[    2.953871] e1000 0000:00:03.0 eth0: (PCI:33MHz:32-bit) 02:46:cc:43:d1:b8
[    2.957400] e1000 0000:00:03.0 eth0: Intel(R) PRO/1000 Network Connection
[    2.962349] e1000 0000:00:03.0 enp0s3: renamed from eth0
[    2.971335]  sda: sda1
[    2.973086] sd 2:0:1:0: [sdb] Attached SCSI disk
[    2.976449] sd 2:0:0:0: [sda] Attached SCSI disk
Begin: Loading essential drivers ... [    5.292050] raid6: sse2x1   gen()  2545 MB/s
[    5.340100] raid6: sse2x1   xor()  1633 MB/s
[    5.388094] raid6: sse2x2   gen()  5840 MB/s
[    5.436071] raid6: sse2x2   xor()  2688 MB/s
[    5.484101] raid6: sse2x4   gen()  6433 MB/s
[    5.532104] raid6: sse2x4   xor()  3751 MB/s
[    5.580096] raid6: avx2x1   gen()  5066 MB/s
[    5.628116] raid6: avx2x1   xor()  2842 MB/s
[    5.676106] raid6: avx2x2   gen()  9848 MB/s
[    5.724082] raid6: avx2x2   xor()  5452 MB/s
[    5.772078] raid6: avx2x4   gen() 12418 MB/s
[    5.820081] raid6: avx2x4   xor()  6532 MB/s
[    5.822278] raid6: using algorithm avx2x4 gen() 12418 MB/s
[    5.825030] raid6: .... xor() 6532 MB/s, rmw enabled
[    5.827503] raid6: using avx2x2 recovery algorithm
[    5.832705] xor: automatically using best checksumming function   avx       
[    5.838803] async_tx: api initialized (async)
done.
Begin: Running /scripts/init-premount ... done.
Begin: Mounting root file system ... Begin: Running /scripts/local-top ... done.
Begin: Running /scripts/local-premount ... [    5.947529] Btrfs loaded, crc32c=crc32c-intel
Scanning for Btrfs filesystems
done.
Warning: fsck not present, so skipping root file system
[    6.167610] EXT4-fs (sda1): mounted filesystem with ordered data mode. Opts: (null)
done.
Begin: Running /scripts/local-bottom ... done.
Begin: Running /scripts/init-bottom ... done.
[    7.980296] random: crng init done
[    7.988293] random: 7 urandom warning(s) missed due to ratelimiting
[    8.114793] ip_tables: (C) 2000-2006 Netfilter Core Team
[    8.354265] systemd[1]: systemd 237 running in system mode. (+PAM +AUDIT +SELINUX +IMA +APPARMOR +SMACK +SYSVINIT +UTMP +LIBCRYPTSETUP +GCRYPT +GNUTLS +ACL +XZ +LZ4 +SECCOMP +BLKID +ELFUTILS +KMOD -IDN2 +IDN -PCRE2 default-hierarchy=hybrid)
[    8.362708] systemd[1]: Detected virtualization oracle.
[    8.364817] systemd[1]: Detected architecture x86-64.

Welcome to [1mUbuntu 18.04.6 LTS[0m!

[    8.440819] systemd[1]: Set hostname to <ubuntu>.
[    8.566195] systemd[1]: Initializing machine ID from random generator.
[    8.575255] systemd[1]: Installed transient /etc/machine-id file.
[   11.783272] systemd[1]: Started Forward Password Requests to Wall Directory Watch.
[[0;32m  OK  [0m] Started Forward Password Requests to Wall Directory Watch.
[   11.788502] systemd[1]: Reached target Swap.
[[0;32m  OK  [0m] Reached target Swap.
[   11.791473] systemd[1]: Reached target System Time Synchronized.
[[0;32m  OK  [0m] Reached target System Time Synchronized.
[   11.795097] systemd[1]: Reached target User and Group Name Lookups.
[[0;32m  OK  [0m] Reached target User and Group Name Lookups.
[[0;32m  OK  [0m] Created slice User and Session Slice.
[[0;32m  OK  [0m] Set up automount Arbitrary Executab…rmats File System Automount Point.
[[0;32m  OK  [0m] Created slice System Slice.
[[0;32m  OK  [0m] Listening on LVM2 poll daemon socket.
[[0;32m  OK  [0m] Listening on LVM2 metadata daemon socket.
[[0;32m  OK  [0m] Listening on Device-mapper event daemon FIFOs.
[[0;32m  OK  [0m] Listening on Journal Audit Socket.
[[0;32m  OK  [0m] Listening on udev Control Socket.
[[0;32m  OK  [0m] Listening on /dev/initctl Compatibility Named Pipe.
[[0;32m  OK  [0m] Listening on Network Service Netlink Socket.
[[0;32m  OK  [0m] Listening on Journal Socket.
         Mounting POSIX Message Queue File System...
         Mounting Huge Pages File System...
         Mounting Kernel Debug File System...
         Starting Load Kernel Modules...
[[0;32m  OK  [0m] Reached target Slices.
         Starting Monitoring of LVM2 mirrors…ng dmeventd or progress polling...
         Starting Uncomplicated firewall...
[[0;32m  OK  [0m] Listening on udev Kernel Socket.
         Starting udev Coldplug all Devices...
         Starting Create list of required st…ce nodes for the current kernel...
         Starting Set the console keyboard layout...
[[0;32m  OK  [0m] Created slice system-serial\x2dgetty.slice.
[[0;32m  OK  [0m] Listening on Syslog Socket.
[[0;32m  OK  [0m] Listening on fsck to fsckd communication Socket.
         Starting File System Check on Root Device...
[[0;32m  OK  [0m] Listening on Journal Socket (/dev/log).
         Starting Journal Service...
[[0;32m  OK  [0m] Mounted POSIX Message Queue File System.
[[0;32m  OK  [0m] Mounted Huge Pages File System.
[[0;32m  OK  [0m] Mounted Kernel Debug File System.
[[0;32m  OK  [0m] Started Uncomplicated firewall.
[   12.765109] Loading iSCSI transport class v2.0-870.
[[0;32m  OK  [0m] Started udev Coldplug all Devices.
[[0;32m  OK  [0m] Started Create list of required sta…vice nodes for the current kernel.
         Starting Create Static Device Nodes in /dev...
[[0;32m  OK  [0m] Started File System Check Daemon to report status.
[[0;32m  OK  [0m] Started Journal Service.
[   13.118057] iscsi: registered transport (tcp)
[[0;32m  OK  [0m] Started File System Check on Root Device.
         Starting Remount Root and Kernel File Systems...
[[0;32m  OK  [0m] Started LVM2 metadata daemon.
[   13.737770] EXT4-fs (sda1): re-mounted. Opts: (null)
[[0;32m  OK  [0m] Started Remount Root and Kernel File Systems.
[   13.896759] iscsi: registered transport (iser)
         Starting Load/Save Random Seed...
         Starting Flush Journal to Persistent Storage...
[[0;32m  OK  [0m] Started Load Kernel Modules.
[[0;32m  OK  [0m] Started Create Static Device Nodes in /dev.
         Starting udev Kernel Device Manager...
         Mounting FUSE Control File System...
         Mounting Kernel Configuration File System...
         Starting Apply Kernel Variables...
[[0;32m  OK  [0m] Mounted FUSE Control File System.
[[0;32m  OK  [0m] Mounted Kernel Configuration File System.
[[0;32m  OK  [0m] Started Set the console keyboard layout.
[[0;32m  OK  [0m] Started Load/Save Random Seed.
[   14.061273] systemd-journald[406]: Received request to flush runtime journal from PID 1
[[0;32m  OK  [0m] Started Apply Kernel Variables.
[[0;32m  OK  [0m] Started Flush Journal to Persistent Storage.
[[0;32m  OK  [0m] Started Monitoring of LVM2 mirrors,…sing dmeventd or progress polling.
[[0;32m  OK  [0m] Reached target Local File Systems (Pre).
[[0;32m  OK  [0m] Reached target Local File Systems.
         Starting Create Volatile Files and Directories...
         Starting Tell Plymouth To Write Out Runtime Data...
         Starting Set console font and keymap...
         Starting Commit a transient machine-id on disk...
         Starting ebtables ruleset management...
         Starting AppArmor initialization...
[[0;32m  OK  [0m] Started Set console font and keymap.
[[0;32m  OK  [0m] Started Tell Plymouth To Write Out Runtime Data.
[[0;32m  OK  [0m] Started Create Volatile Files and Directories.
         Starting Update UTMP about System Boot/Shutdown...
[[0;32m  OK  [0m] Started Commit a transient machine-id on disk.
[[0;32m  OK  [0m] Started Update UTMP about System Boot/Shutdown.
[[0;32m  OK  [0m] Started udev Kernel Device Manager.
[[0;32m  OK  [0m] Started Dispatch Password Requests to Console Directory Watch.
[[0;32m  OK  [0m] Reached target Local Encrypted Volumes.
[[0;32m  OK  [0m] Started ebtables ruleset management.
[[0;32m  OK  [0m] Found device /dev/ttyS0.
[[0;32m  OK  [0m] Listening on Load/Save RF Kill Switch Status /dev/rfkill Watch.
[[0;32m  OK  [0m] Started AppArmor initialization.
         Starting Load AppArmor profiles managed internally by snapd...
         Starting Initial cloud-init job (pre-networking)...
[[0;32m  OK  [0m] Started Load AppArmor profiles managed internally by snapd.
[   32.570938] cloud-init[579]: Cloud-init v. 21.3-1-g6803368d-0ubuntu1~18.04.4 running 'init-local' at Fri, 22 Oct 2021 09:45:20 +0000. Up 31.03 seconds.
[[0;32m  OK  [0m] Started Initial cloud-init job (pre-networking).
[[0;32m  OK  [0m] Reached target Network (Pre).
         Starting Network Service...
[[0;32m  OK  [0m] Started Network Service.
         Starting Network Name Resolution...
         Starting Wait for Network to be Configured...
[[0;32m  OK  [0m] Started Network Name Resolution.
[[0;32m  OK  [0m] Reached target Network.
[[0;32m  OK  [0m] Reached target Host and Network Name Lookups.
[[0;32m  OK  [0m] Started Wait for Network to be Configured.
         Starting Initial cloud-init job (metadata service crawler)...
[   35.714607] cloud-init[719]: Cloud-init v. 21.3-1-g6803368d-0ubuntu1~18.04.4 running 'init' at Fri, 22 Oct 2021 09:45:25 +0000. Up 35.35 seconds.
[   35.718860] cloud-init[719]: ci-info: ++++++++++++++++++++++++++++++++++++++Net device info++++++++++++++++++++++++++++++++++++++
[   35.721976] cloud-init[719]: ci-info: +--------+------+----------------------------+---------------+--------+-------------------+
[   35.724650] cloud-init[719]: ci-info: | Device |  Up  |          Address           |      Mask     | Scope  |     Hw-Address    |
[   35.727129] cloud-init[719]: ci-info: +--------+------+----------------------------+---------------+--------+-------------------+
[   35.729624] cloud-init[719]: ci-info: | enp0s3 | True |         10.0.2.15          | 255.255.255.0 | global | 02:46:cc:43:d1:b8 |
[   35.732306] cloud-init[719]: ci-info: | enp0s3 | True | fe80::46:ccff:fe43:d1b8/64 |       .       |  link  | 02:46:cc:43:d1:b8 |
[   35.734898] cloud-init[719]: ci-info: |   lo   | True |         127.0.0.1          |   255.0.0.0   |  host  |         .         |
[   35.737715] cloud-init[719]: ci-info: |   lo   | True |          ::1/128           |       .       |  host  |         .         |
[   35.740347] cloud-init[719]: ci-info: +--------+------+----------------------------+---------------+--------+-------------------+
[   35.742903] cloud-init[719]: ci-info: ++++++++++++++++++++++++++++Route IPv4 info+++++++++++++++++++++++++++++
[   35.745259] cloud-init[719]: ci-info: +-------+-------------+----------+-----------------+-----------+-------+
[   35.747574] cloud-init[719]: ci-info: | Route | Destination | Gateway  |     Genmask     | Interface | Flags |
[   35.749919] cloud-init[719]: ci-info: +-------+-------------+----------+-----------------+-----------+-------+
[   35.752254] cloud-init[719]: ci-info: |   0   |   0.0.0.0   | 10.0.2.2 |     0.0.0.0     |   enp0s3  |   UG  |
[   35.754550] cloud-init[719]: ci-info: |   1   |   10.0.2.0  | 0.0.0.0  |  255.255.255.0  |   enp0s3  |   U   |
[   35.756849] cloud-init[719]: ci-info: |   2   |   10.0.2.2  | 0.0.0.0  | 255.255.255.255 |   enp0s3  |   UH  |
[   35.759166] cloud-init[719]: ci-info: +-------+-------------+----------+-----------------+-----------+-------+
[   35.761487] cloud-init[719]: ci-info: +++++++++++++++++++Route IPv6 info+++++++++++++++++++
[   35.763524] cloud-init[719]: ci-info: +-------+-------------+---------+-----------+-------+
[   35.765643] cloud-init[719]: ci-info: | Route | Destination | Gateway | Interface | Flags |
[   35.767397] cloud-init[719]: ci-info: +-------+-------------+---------+-----------+-------+
[   35.769418] cloud-init[719]: ci-info: |   1   |  fe80::/64  |    ::   |   enp0s3  |   U   |
[   35.771401] cloud-init[719]: ci-info: |   3   |    local    |    ::   |   enp0s3  |   U   |
[   35.773445] cloud-init[719]: ci-info: |   4   |   ff00::/8  |    ::   |   enp0s3  |   U   |
[   35.775451] cloud-init[719]: ci-info: +-------+-------------+---------+-----------+-------+
[   41.368761] cloud-init[719]: Generating public/private rsa key pair.
[   41.370551] cloud-init[719]: Your identification has been saved in /etc/ssh/ssh_host_rsa_key.
[   41.373324] cloud-init[719]: Your public key has been saved in /etc/ssh/ssh_host_rsa_key.pub.
[   41.377659] cloud-init[719]: The key fingerprint is:
[   41.379533] cloud-init[719]: SHA256:9ZFlbl/Mv+NyI9WkBA2CBy3dN7juXzWit3u6lNNZ85w root@ubuntu-bionic
[   41.382602] cloud-init[719]: The key's randomart image is:
[   41.384201] cloud-init[719]: +---[RSA 2048]----+
[   41.386516] cloud-init[719]: |        .=...+o  |
[   41.388169] cloud-init[719]: |        o +.+=+o |
[   41.389872] cloud-init[719]: |         o. o+o.+|
[   41.391617] cloud-init[719]: |         . ..o..+|
[   41.392896] cloud-init[719]: |        S  ..o =*|
[   41.394223] cloud-init[719]: |            o =o@|
[   41.395635] cloud-init[719]: |           o =.E+|
[   41.397249] cloud-init[719]: |            +o+=.|
[   41.398968] cloud-init[719]: |             *X..|
[   41.400668] cloud-init[719]: +----[SHA256]-----+
[   41.402448] cloud-init[719]: Generating public/private dsa key pair.
[   41.404430] cloud-init[719]: Your identification has been saved in /etc/ssh/ssh_host_dsa_key.
[   41.406973] cloud-init[719]: Your public key has been saved in /etc/ssh/ssh_host_dsa_key.pub.
[   41.409692] cloud-init[719]: The key fingerprint is:
[   41.411549] cloud-init[719]: SHA256:9L1h/JslpgeL8XuzMxDdcoHxGAhbx+Nt7FyANd5ZJbc root@ubuntu-bionic
[   41.414786] cloud-init[719]: The key's randomart image is:
[   41.416594] cloud-init[719]: +---[DSA 1024]----+
[   41.428360] cloud-init[719]: |         ...o** =|
[   41.429828] cloud-init[719]: |          o.o==*+|
[   41.431145] cloud-init[719]: |        ..  .o=Eo|
[   41.444308] cloud-init[719]: |       . . o..o++|
[   41.445989] cloud-init[719]: |        S . =.+o.|
[   41.447517] cloud-init[719]: |          ..o+ o |
[   41.449281] cloud-init[719]: |           +.++ .|
[   41.450725] cloud-init[719]: |          . oo*= |
[   41.452513] cloud-init[719]: |            o++= |
[   41.454081] cloud-init[719]: +----[SHA256]-----+
[   41.455565] cloud-init[719]: Generating public/private ecdsa key pair.
[   41.457753] cloud-init[719]: Your identification has been saved in /etc/ssh/ssh_host_ecdsa_key.
[   41.461228] cloud-init[719]: Your public key has been saved in /etc/ssh/ssh_host_ecdsa_key.pub.
[   41.464250] cloud-init[719]: The key fingerprint is:
[   41.465958] cloud-init[719]: SHA256:m57/EFprrYOzHF5AbLaOiazBfSutqBtct9kj992PH1w root@ubuntu-bionic
[   41.468774] cloud-init[719]: The key's randomart image is:
[   41.470493] cloud-init[719]: +---[ECDSA 256]---+
[   41.472278] cloud-init[719]: |                 |
[   41.474238] cloud-init[719]: |       .         |
[   41.476251] cloud-init[719]: |        =        |
[   41.478057] cloud-init[719]: |       + .       |
[   41.479622] cloud-init[719]: |   . .  S o     E|
[   41.481079] cloud-init[719]: |...o..++ * +  . .|
[   41.482444] cloud-init[719]: |..o +=++*.= .  o |
[   41.483787] cloud-init[719]: | . +..+===oo. . .|
[   41.485122] cloud-init[719]: |ooo .o. *=o+.ooo |
[   41.486473] cloud-init[719]: +----[SHA256]-----+
[   41.487893] cloud-init[719]: Generating public/private ed25519 key pair.
[   41.490002] cloud-init[719]: Your identification has been saved in /etc/ssh/ssh_host_ed25519_key.
[   41.493050] cloud-init[719]: Your public key has been saved in /etc/ssh/ssh_host_ed25519_key.pub.
[   41.496196] cloud-init[719]: The key fingerprint is:
[   41.497945] cloud-init[719]: SHA256:0yuIFOIY+AtsUR2Bwh5R7EASdai47Dk6COFytvEjjVQ root@ubuntu-bionic
[   41.501035] cloud-init[719]: The key's randomart image is:
[   41.502947] cloud-init[719]: +--[ED25519 256]--+
[   41.516375] cloud-init[719]: |===++oo          |
[   41.518057] cloud-init[719]: |o=o+ .           |
[   41.519658] cloud-init[719]: |=o* .            |
[   41.521401] cloud-init[719]: |=*.oE.   .       |
[   41.523201] cloud-init[719]: |==o..   S .      |
[   41.524773] cloud-init[719]: |=+=o . . . .     |
[   41.526439] cloud-init[719]: |=+o*. . . .      |
[   41.528294] cloud-init[719]: |o++ +    .       |
[   41.529891] cloud-init[719]: |o... .           |
[   41.531419] cloud-init[719]: +----[SHA256]-----+
[[0;32m  OK  [0m] Started Initial cloud-init job (metadata service crawler).
[[0;32m  OK  [0m] Reached target System Initialization.
[[0;32m  OK  [0m] Started Ubuntu Advantage update messaging.
[[0;32m  OK  [0m] Started Message of the Day.
[[0;32m  OK  [0m] Listening on UUID daemon activation socket.
[[0;32m  OK  [0m] Listening on D-Bus System Message Bus Socket.
         Starting Socket activation for snappy daemon.
         Starting LXD - unix socket.
[[0;32m  OK  [0m] Listening on cloud-init hotplug hook socket.
[[0;32m  OK  [0m] Started Daily apt download activities.
[[0;32m  OK  [0m] Started Daily apt upgrade and clean activities.
[[0;32m  OK  [0m] Listening on Open-iSCSI iscsid Socket.
[[0;32m  OK  [0m] Started Daily Cleanup of Temporary Directories.
[[0;32m  OK  [0m] Started Discard unused blocks once a week.
[[0;32m  OK  [0m] Reached target Timers.
[[0;32m  OK  [0m] Started ACPI Events Check.
[[0;32m  OK  [0m] Reached target Paths.
[[0;32m  OK  [0m] Listening on ACPID Listen Socket.
[[0;32m  OK  [0m] Reached target Cloud-config availability.
[[0;32m  OK  [0m] Reached target Network is Online.
[[0;32m  OK  [0m] Reached target Remote File Systems (Pre).
[[0;32m  OK  [0m] Reached target Remote File Systems.
         Starting Availability of block devices...
[[0;32m  OK  [0m] Listening on Socket activation for snappy daemon.
[[0;32m  OK  [0m] Listening on LXD - unix socket.
[[0;32m  OK  [0m] Reached target Sockets.
[[0;32m  OK  [0m] Reached target Basic System.
[[0;32m  OK  [0m] Started FUSE filesystem for LXC.
         Starting LXD - container startup/shutdown...
         Starting LSB: Record successful boot for GRUB...
         Starting Pollinate to seed the pseudo random number generator...
         Starting System Logging Service...
         Starting Accounts Service...
[[0;32m  OK  [0m] Started irqbalance daemon.
         Starting Virtualbox guest utils...
[[0;32m  OK  [0m] Started Deferred execution scheduler.
         Starting Login Service...
[[0;32m  OK  [0m] Started Regular background program processing daemon.
         Starting Permit User Sessions...
         Starting Dispatcher daemon for systemd-networkd...
         Starting LSB: automatic crash report generation...
[[0;32m  OK  [0m] Started D-Bus System Message Bus.
         Starting Snap Daemon...
[[0;32m  OK  [0m] Started System Logging Service.
[[0;32m  OK  [0m] Started Availability of block devices.
[[0;32m  OK  [0m] Started Permit User Sessions.
[[0;32m  OK  [0m] Started Login Service.
[[0;32m  OK  [0m] Started Unattended Upgrades Shutdown.
         Starting Hold until boot process finishes up...
         Starting Terminate Plymouth Boot Screen...
[[0;32m  OK  [0m] Started Hold until boot process finishes up.
[[0;32m  OK  [0m] Started Terminate Plymouth Boot Screen.
[[0;32m  OK  [0m] Started Serial Getty on ttyS0.
         Starting Set console scheme...
[[0;32m  OK  [0m] Started Set console scheme.
[[0;32m  OK  [0m] Created slice system-getty.slice.
[[0;32m  OK  [0m] Started Getty on tty1.
[[0;32m  OK  [0m] Reached target Login Prompts.
         Starting Authorization Manager...
[[0;32m  OK  [0m] Started LSB: automatic crash report generation.
[[0;32m  OK  [0m] Started LSB: Record successful boot for GRUB.
[[0;32m  OK  [0m] Started Authorization Manager.
[[0;32m  OK  [0m] Started Accounts Service.
[[0;32m  OK  [0m] Started Virtualbox guest utils.
[[0;32m  OK  [0m] Started Dispatcher daemon for systemd-networkd.

Ubuntu 18.04.6 LTS ubuntu-bionic ttyS0

ubuntu-bionic login: [   62.025619] cloud-init[1418]: Cloud-init v. 21.3-1-g6803368d-0ubuntu1~18.04.4 running 'modules:config' at Fri, 22 Oct 2021 09:45:46 +0000. Up 56.69 seconds.
ci-info: no authorized SSH keys fingerprints found for user ubuntu.
<14>Oct 22 09:45:53 cloud-init: #############################################################
<14>Oct 22 09:45:53 cloud-init: -----BEGIN SSH HOST KEY FINGERPRINTS-----
<14>Oct 22 09:45:53 cloud-init: 1024 SHA256:9L1h/JslpgeL8XuzMxDdcoHxGAhbx+Nt7FyANd5ZJbc root@ubuntu-bionic (DSA)
<14>Oct 22 09:45:53 cloud-init: 256 SHA256:m57/EFprrYOzHF5AbLaOiazBfSutqBtct9kj992PH1w root@ubuntu-bionic (ECDSA)
<14>Oct 22 09:45:53 cloud-init: 256 SHA256:0yuIFOIY+AtsUR2Bwh5R7EASdai47Dk6COFytvEjjVQ root@ubuntu-bionic (ED25519)
<14>Oct 22 09:45:53 cloud-init: 2048 SHA256:9ZFlbl/Mv+NyI9WkBA2CBy3dN7juXzWit3u6lNNZ85w root@ubuntu-bionic (RSA)
<14>Oct 22 09:45:53 cloud-init: -----END SSH HOST KEY FINGERPRINTS-----
<14>Oct 22 09:45:53 cloud-init: #############################################################
-----BEGIN SSH HOST KEY KEYS-----
ecdsa-sha2-nistp256 AAAAE2VjZHNhLXNoYTItbmlzdHAyNTYAAAAIbmlzdHAyNTYAAABBBMYfw5bYQMvxmf90wB0zPxU2KifGOc9FY2/q75o5JkkeHoonIu86WS211BVU3jNKHSFyaiIwGFq2T2tFxfB9k8k= root@ubuntu-bionic
ssh-ed25519 AAAAC3NzaC1lZDI1NTE5AAAAIBeqAHneNCcEA0yNBzpJB1AFE9dSrcMgjJtSqtsSWKCR root@ubuntu-bionic
ssh-rsa AAAAB3NzaC1yc2EAAAADAQABAAABAQDc9s+AksUBsFFM0GYjJqi+Ff2RXHqtyXjaRpUfD+hpsevo661BiRrrxsMmhY4gCjXww3FwBwKDg+n4VTmiHLXFaWwRrx1JW+xQ0yqW/gquIBReufFLkEC4TE54LW8/eZFTROblZBUin+LKIUKLgUjrtZ5s3CLzC1MhMy3ZQnjeoH/pPqsW1sLwasAx52Diug+KNACtSWHgpiuDdfBbOyd7cP9OxLwXyoHb841lIlVJv0nYCVB/XTfoMm/y3gHHmU9On/malztAbqM+WfGzFEPkKH+i6gpQaviFY+1clBUtTV0W/cv/5XTqGEZa1l4aDecpyRlNXaGqEPx4ou8irCaf root@ubuntu-bionic
-----END SSH HOST KEY KEYS-----
[   63.897162] cloud-init[1624]: Cloud-init v. 21.3-1-g6803368d-0ubuntu1~18.04.4 running 'modules:final' at Fri, 22 Oct 2021 09:45:53 +0000. Up 63.11 seconds.
[   63.897299] cloud-init[1624]: ci-info: no authorized SSH keys fingerprints found for user ubuntu.
[   63.897909] cloud-init[1624]: Cloud-init v. 21.3-1-g6803368d-0ubuntu1~18.04.4 finished at Fri, 22 Oct 2021 09:45:53 +0000. Datasource DataSourceNoCloud [seed=/dev/sdb][dsmode=net].  Up 63.88 seconds
